2016-12-28 2:42:40 {request,1482885736962233,2,0,unset,retrying,
                            [{<<"X-Forwarded-For">>,<<"127.0.0.1:8080">>},
                             {<<"connection">>,<<"keep-alive">>},
                             {<<"cache-control">>,<<"max-age=0">>},
                             {<<"upgrade-insecure-requests">>,<<"1">>},
                             {<<"user-agent">>,
                              <<"Mozilla/5.0 (Macintosh; Intel Mac OS X 10_12_2) AppleWebKit/537.36 (KHTML, like Gecko) Chrome/55.0.2883.95 Safari/537.36">>},
                             {<<"accept">>,
                              <<"text/html,application/xhtml+xml,application/xml;q=0.9,image/webp,*/*;q=0.8">>},
                             {<<"dnt">>,<<"1">>},
                             {<<"accept-encoding">>,
                              <<"gzip, deflate, sdch, br">>},
                             {<<"accept-language">>,
                              <<"en-US,en;q=0.8,ro;q=0.6,ru;q=0.4">>}],
                            <<>>,get,"/"}
2016-12-28 2:42:41 {request,1482885738185073,2,0,unset,retrying,
                            [{<<"X-Forwarded-For">>,<<"127.0.0.1:8080">>},
                             {<<"connection">>,<<"keep-alive">>},
                             {<<"cache-control">>,<<"max-age=0">>},
                             {<<"upgrade-insecure-requests">>,<<"1">>},
                             {<<"user-agent">>,
                              <<"Mozilla/5.0 (Macintosh; Intel Mac OS X 10_12_2) AppleWebKit/537.36 (KHTML, like Gecko) Chrome/55.0.2883.95 Safari/537.36">>},
                             {<<"accept">>,
                              <<"text/html,application/xhtml+xml,application/xml;q=0.9,image/webp,*/*;q=0.8">>},
                             {<<"dnt">>,<<"1">>},
                             {<<"accept-encoding">>,
                              <<"gzip, deflate, sdch, br">>},
                             {<<"accept-language">>,
                              <<"en-US,en;q=0.8,ro;q=0.6,ru;q=0.4">>}],
                            <<>>,get,"/"}
2016-12-28 2:42:42 {request,1482885738990189,2,0,unset,retrying,
                            [{<<"X-Forwarded-For">>,<<"127.0.0.1:8080">>},
                             {<<"connection">>,<<"keep-alive">>},
                             {<<"pragma">>,<<"no-cache">>},
                             {<<"cache-control">>,<<"no-cache">>},
                             {<<"user-agent">>,
                              <<"Mozilla/5.0 (Macintosh; Intel Mac OS X 10_12_2) AppleWebKit/537.36 (KHTML, like Gecko) Chrome/55.0.2883.95 Safari/537.36">>},
                             {<<"accept">>,<<"image/webp,image/*,*/*;q=0.8">>},
                             {<<"dnt">>,<<"1">>},
                             {<<"referer">>,<<"http://127.0.0.1:8080/">>},
                             {<<"accept-encoding">>,
                              <<"gzip, deflate, sdch, br">>},
                             {<<"accept-language">>,
                              <<"en-US,en;q=0.8,ro;q=0.6,ru;q=0.4">>}],
                            <<>>,get,"/favicon.ico"}
2016-12-28 2:42:44 {request,1482885739626848,2,0,unset,retrying,
                            [{<<"X-Forwarded-For">>,<<"127.0.0.1:8080">>},
                             {<<"connection">>,<<"keep-alive">>},
                             {<<"user-agent">>,
                              <<"Mozilla/5.0 (Macintosh; Intel Mac OS X 10_12_2) AppleWebKit/537.36 (KHTML, like Gecko) Chrome/55.0.2883.95 Safari/537.36">>},
                             {<<"accept">>,<<"image/webp,image/*,*/*;q=0.8">>},
                             {<<"dnt">>,<<"1">>},
                             {<<"referer">>,<<"http://127.0.0.1:8080/">>},
                             {<<"accept-encoding">>,
                              <<"gzip, deflate, sdch, br">>},
                             {<<"accept-language">>,
                              <<"en-US,en;q=0.8,ro;q=0.6,ru;q=0.4">>}],
                            <<>>,get,"/favicon.ico"}
2016-12-28 2:45:20 {request,1482885899264431,2,0,unset,retrying,
                            [{<<"X-Forwarded-For">>,<<"127.0.0.1:8080">>},
                             {<<"connection">>,<<"keep-alive">>},
                             {<<"pragma">>,<<"no-cache">>},
                             {<<"cache-control">>,<<"no-cache">>},
                             {<<"user-agent">>,
                              <<"Mozilla/5.0 (Macintosh; Intel Mac OS X 10_12_2) AppleWebKit/537.36 (KHTML, like Gecko) Chrome/55.0.2883.95 Safari/537.36">>},
                             {<<"accept">>,<<"image/webp,image/*,*/*;q=0.8">>},
                             {<<"dnt">>,<<"1">>},
                             {<<"referer">>,<<"http://127.0.0.1:8080/">>},
                             {<<"accept-encoding">>,
                              <<"gzip, deflate, sdch, br">>},
                             {<<"accept-language">>,
                              <<"en-US,en;q=0.8,ro;q=0.6,ru;q=0.4">>}],
                            <<>>,get,"/favicon.ico"}
2016-12-28 2:45:21 {request,1482885898013135,2,0,unset,retrying,
                            [{<<"X-Forwarded-For">>,<<"127.0.0.1:8080">>},
                             {<<"connection">>,<<"keep-alive">>},
                             {<<"cache-control">>,<<"max-age=0">>},
                             {<<"upgrade-insecure-requests">>,<<"1">>},
                             {<<"user-agent">>,
                              <<"Mozilla/5.0 (Macintosh; Intel Mac OS X 10_12_2) AppleWebKit/537.36 (KHTML, like Gecko) Chrome/55.0.2883.95 Safari/537.36">>},
                             {<<"accept">>,
                              <<"text/html,application/xhtml+xml,application/xml;q=0.9,image/webp,*/*;q=0.8">>},
                             {<<"dnt">>,<<"1">>},
                             {<<"accept-encoding">>,
                              <<"gzip, deflate, sdch, br">>},
                             {<<"accept-language">>,
                              <<"en-US,en;q=0.8,ro;q=0.6,ru;q=0.4">>}],
                            <<>>,get,"/"}
2016-12-28 2:46:39 {request,1482885974957827,2,0,unset,retrying,
                            [{<<"X-Forwarded-For">>,<<"127.0.0.1:8080">>},
                             {<<"connection">>,<<"keep-alive">>},
                             {<<"cache-control">>,<<"max-age=0">>},
                             {<<"upgrade-insecure-requests">>,<<"1">>},
                             {<<"user-agent">>,
                              <<"Mozilla/5.0 (Macintosh; Intel Mac OS X 10_12_2) AppleWebKit/537.36 (KHTML, like Gecko) Chrome/55.0.2883.95 Safari/537.36">>},
                             {<<"accept">>,
                              <<"text/html,application/xhtml+xml,application/xml;q=0.9,image/webp,*/*;q=0.8">>},
                             {<<"dnt">>,<<"1">>},
                             {<<"accept-encoding">>,
                              <<"gzip, deflate, sdch, br">>},
                             {<<"accept-language">>,
                              <<"en-US,en;q=0.8,ro;q=0.6,ru;q=0.4">>}],
                            <<>>,get,"/"}
2016-12-28 2:46:40 {request,1482885976439091,2,0,unset,retrying,
                            [{<<"X-Forwarded-For">>,<<"127.0.0.1:8080">>},
                             {<<"connection">>,<<"keep-alive">>},
                             {<<"pragma">>,<<"no-cache">>},
                             {<<"cache-control">>,<<"no-cache">>},
                             {<<"user-agent">>,
                              <<"Mozilla/5.0 (Macintosh; Intel Mac OS X 10_12_2) AppleWebKit/537.36 (KHTML, like Gecko) Chrome/55.0.2883.95 Safari/537.36">>},
                             {<<"accept">>,<<"image/webp,image/*,*/*;q=0.8">>},
                             {<<"dnt">>,<<"1">>},
                             {<<"referer">>,<<"http://127.0.0.1:8080/">>},
                             {<<"accept-encoding">>,
                              <<"gzip, deflate, sdch, br">>},
                             {<<"accept-language">>,
                              <<"en-US,en;q=0.8,ro;q=0.6,ru;q=0.4">>}],
                            <<>>,get,"/favicon.ico"}
2016-12-28 2:47:30 {request,1482886027793384,2,0,unset,retrying,
                            [{<<"X-Forwarded-For">>,<<"127.0.0.1:8080">>},
                             {<<"connection">>,<<"keep-alive">>},
                             {<<"cache-control">>,<<"max-age=0">>},
                             {<<"upgrade-insecure-requests">>,<<"1">>},
                             {<<"user-agent">>,
                              <<"Mozilla/5.0 (Macintosh; Intel Mac OS X 10_12_2) AppleWebKit/537.36 (KHTML, like Gecko) Chrome/55.0.2883.95 Safari/537.36">>},
                             {<<"accept">>,
                              <<"text/html,application/xhtml+xml,application/xml;q=0.9,image/webp,*/*;q=0.8">>},
                             {<<"dnt">>,<<"1">>},
                             {<<"accept-encoding">>,
                              <<"gzip, deflate, sdch, br">>},
                             {<<"accept-language">>,
                              <<"en-US,en;q=0.8,ro;q=0.6,ru;q=0.4">>}],
                            <<>>,get,"/"}
2016-12-28 2:47:32 {request,1482886029050835,2,0,unset,retrying,
                            [{<<"X-Forwarded-For">>,<<"127.0.0.1:8080">>},
                             {<<"connection">>,<<"keep-alive">>},
                             {<<"pragma">>,<<"no-cache">>},
                             {<<"cache-control">>,<<"no-cache">>},
                             {<<"user-agent">>,
                              <<"Mozilla/5.0 (Macintosh; Intel Mac OS X 10_12_2) AppleWebKit/537.36 (KHTML, like Gecko) Chrome/55.0.2883.95 Safari/537.36">>},
                             {<<"accept">>,<<"image/webp,image/*,*/*;q=0.8">>},
                             {<<"dnt">>,<<"1">>},
                             {<<"referer">>,<<"http://127.0.0.1:8080/">>},
                             {<<"accept-encoding">>,
                              <<"gzip, deflate, sdch, br">>},
                             {<<"accept-language">>,
                              <<"en-US,en;q=0.8,ro;q=0.6,ru;q=0.4">>}],
                            <<>>,get,"/favicon.ico"}
2016-12-28 2:56:16 {request,1482886553321857,2,0,unset,retrying,
                            [{<<"X-Forwarded-For">>,<<"127.0.0.1:8080">>},
                             {<<"connection">>,<<"keep-alive">>},
                             {<<"cache-control">>,<<"max-age=0">>},
                             {<<"upgrade-insecure-requests">>,<<"1">>},
                             {<<"user-agent">>,
                              <<"Mozilla/5.0 (Macintosh; Intel Mac OS X 10_12_2) AppleWebKit/537.36 (KHTML, like Gecko) Chrome/55.0.2883.95 Safari/537.36">>},
                             {<<"accept">>,
                              <<"text/html,application/xhtml+xml,application/xml;q=0.9,image/webp,*/*;q=0.8">>},
                             {<<"dnt">>,<<"1">>},
                             {<<"accept-encoding">>,
                              <<"gzip, deflate, sdch, br">>},
                             {<<"accept-language">>,
                              <<"en-US,en;q=0.8,ro;q=0.6,ru;q=0.4">>}],
                            <<>>,get,"/"}
2016-12-28 2:56:18 {request,1482886555112856,2,0,unset,retrying,
                            [{<<"X-Forwarded-For">>,<<"127.0.0.1:8080">>},
                             {<<"connection">>,<<"keep-alive">>},
                             {<<"pragma">>,<<"no-cache">>},
                             {<<"cache-control">>,<<"no-cache">>},
                             {<<"user-agent">>,
                              <<"Mozilla/5.0 (Macintosh; Intel Mac OS X 10_12_2) AppleWebKit/537.36 (KHTML, like Gecko) Chrome/55.0.2883.95 Safari/537.36">>},
                             {<<"accept">>,<<"image/webp,image/*,*/*;q=0.8">>},
                             {<<"dnt">>,<<"1">>},
                             {<<"referer">>,<<"http://127.0.0.1:8080/">>},
                             {<<"accept-encoding">>,
                              <<"gzip, deflate, sdch, br">>},
                             {<<"accept-language">>,
                              <<"en-US,en;q=0.8,ro;q=0.6,ru;q=0.4">>}],
                            <<>>,get,"/favicon.ico"}
2016-12-28 2:58:41 {request,1482886697671976,2,0,unset,retrying,
                            [{<<"X-Forwarded-For">>,<<"127.0.0.1:8080">>},
                             {<<"connection">>,<<"keep-alive">>},
                             {<<"cache-control">>,<<"max-age=0">>},
                             {<<"upgrade-insecure-requests">>,<<"1">>},
                             {<<"user-agent">>,
                              <<"Mozilla/5.0 (Macintosh; Intel Mac OS X 10_12_2) AppleWebKit/537.36 (KHTML, like Gecko) Chrome/55.0.2883.95 Safari/537.36">>},
                             {<<"accept">>,
                              <<"text/html,application/xhtml+xml,application/xml;q=0.9,image/webp,*/*;q=0.8">>},
                             {<<"dnt">>,<<"1">>},
                             {<<"accept-encoding">>,
                              <<"gzip, deflate, sdch, br">>},
                             {<<"accept-language">>,
                              <<"en-US,en;q=0.8,ro;q=0.6,ru;q=0.4">>}],
                            <<>>,get,"/"}
2016-12-28 2:58:43 {request,1482886698683354,2,0,unset,retrying,
                            [{<<"X-Forwarded-For">>,<<"127.0.0.1:8080">>},
                             {<<"connection">>,<<"keep-alive">>},
                             {<<"pragma">>,<<"no-cache">>},
                             {<<"cache-control">>,<<"no-cache">>},
                             {<<"user-agent">>,
                              <<"Mozilla/5.0 (Macintosh; Intel Mac OS X 10_12_2) AppleWebKit/537.36 (KHTML, like Gecko) Chrome/55.0.2883.95 Safari/537.36">>},
                             {<<"accept">>,<<"image/webp,image/*,*/*;q=0.8">>},
                             {<<"dnt">>,<<"1">>},
                             {<<"referer">>,<<"http://127.0.0.1:8080/">>},
                             {<<"accept-encoding">>,
                              <<"gzip, deflate, sdch, br">>},
                             {<<"accept-language">>,
                              <<"en-US,en;q=0.8,ro;q=0.6,ru;q=0.4">>}],
                            <<>>,get,"/favicon.ico"}
2016-12-28 2:59:52 {request,1482886770587515,2,0,unset,retrying,
                            [{<<"X-Forwarded-For">>,<<"127.0.0.1:8080">>},
                             {<<"connection">>,<<"keep-alive">>},
                             {<<"cache-control">>,<<"max-age=0">>},
                             {<<"upgrade-insecure-requests">>,<<"1">>},
                             {<<"user-agent">>,
                              <<"Mozilla/5.0 (Macintosh; Intel Mac OS X 10_12_2) AppleWebKit/537.36 (KHTML, like Gecko) Chrome/55.0.2883.95 Safari/537.36">>},
                             {<<"accept">>,
                              <<"text/html,application/xhtml+xml,application/xml;q=0.9,image/webp,*/*;q=0.8">>},
                             {<<"dnt">>,<<"1">>},
                             {<<"accept-encoding">>,
                              <<"gzip, deflate, sdch, br">>},
                             {<<"accept-language">>,
                              <<"en-US,en;q=0.8,ro;q=0.6,ru;q=0.4">>}],
                            <<>>,get,"/"}
2016-12-28 2:59:53 {request,1482886771737275,2,0,unset,retrying,
                            [{<<"X-Forwarded-For">>,<<"127.0.0.1:8080">>},
                             {<<"connection">>,<<"keep-alive">>},
                             {<<"pragma">>,<<"no-cache">>},
                             {<<"cache-control">>,<<"no-cache">>},
                             {<<"user-agent">>,
                              <<"Mozilla/5.0 (Macintosh; Intel Mac OS X 10_12_2) AppleWebKit/537.36 (KHTML, like Gecko) Chrome/55.0.2883.95 Safari/537.36">>},
                             {<<"accept">>,<<"image/webp,image/*,*/*;q=0.8">>},
                             {<<"dnt">>,<<"1">>},
                             {<<"referer">>,<<"http://127.0.0.1:8080/">>},
                             {<<"accept-encoding">>,
                              <<"gzip, deflate, sdch, br">>},
                             {<<"accept-language">>,
                              <<"en-US,en;q=0.8,ro;q=0.6,ru;q=0.4">>}],
                            <<>>,get,"/favicon.ico"}
2016-12-28 3:0:52 {request,1482886830421458,2,0,unset,retrying,
                           [{<<"X-Forwarded-For">>,<<"127.0.0.1:8080">>},
                            {<<"connection">>,<<"keep-alive">>},
                            {<<"cache-control">>,<<"max-age=0">>},
                            {<<"upgrade-insecure-requests">>,<<"1">>},
                            {<<"user-agent">>,
                             <<"Mozilla/5.0 (Macintosh; Intel Mac OS X 10_12_2) AppleWebKit/537.36 (KHTML, like Gecko) Chrome/55.0.2883.95 Safari/537.36">>},
                            {<<"accept">>,
                             <<"text/html,application/xhtml+xml,application/xml;q=0.9,image/webp,*/*;q=0.8">>},
                            {<<"dnt">>,<<"1">>},
                            {<<"accept-encoding">>,
                             <<"gzip, deflate, sdch, br">>},
                            {<<"accept-language">>,
                             <<"en-US,en;q=0.8,ro;q=0.6,ru;q=0.4">>}],
                           <<>>,get,"/"}
2016-12-28 3:0:53 {request,1482886831965691,2,0,unset,retrying,
                           [{<<"X-Forwarded-For">>,<<"127.0.0.1:8080">>},
                            {<<"connection">>,<<"keep-alive">>},
                            {<<"pragma">>,<<"no-cache">>},
                            {<<"cache-control">>,<<"no-cache">>},
                            {<<"user-agent">>,
                             <<"Mozilla/5.0 (Macintosh; Intel Mac OS X 10_12_2) AppleWebKit/537.36 (KHTML, like Gecko) Chrome/55.0.2883.95 Safari/537.36">>},
                            {<<"accept">>,<<"image/webp,image/*,*/*;q=0.8">>},
                            {<<"dnt">>,<<"1">>},
                            {<<"referer">>,<<"http://127.0.0.1:8080/">>},
                            {<<"accept-encoding">>,
                             <<"gzip, deflate, sdch, br">>},
                            {<<"accept-language">>,
                             <<"en-US,en;q=0.8,ro;q=0.6,ru;q=0.4">>}],
                           <<>>,get,"/favicon.ico"}
2016-12-28 3:2:22 {request,1482886921023595,2,0,unset,retrying,
                           [{<<"X-Forwarded-For">>,<<"127.0.0.1:8080">>},
                            {<<"connection">>,<<"keep-alive">>},
                            {<<"cache-control">>,<<"max-age=0">>},
                            {<<"upgrade-insecure-requests">>,<<"1">>},
                            {<<"user-agent">>,
                             <<"Mozilla/5.0 (Macintosh; Intel Mac OS X 10_12_2) AppleWebKit/537.36 (KHTML, like Gecko) Chrome/55.0.2883.95 Safari/537.36">>},
                            {<<"accept">>,
                             <<"text/html,application/xhtml+xml,application/xml;q=0.9,image/webp,*/*;q=0.8">>},
                            {<<"dnt">>,<<"1">>},
                            {<<"accept-encoding">>,
                             <<"gzip, deflate, sdch, br">>},
                            {<<"accept-language">>,
                             <<"en-US,en;q=0.8,ro;q=0.6,ru;q=0.4">>}],
                           <<>>,get,"/"}
2016-12-28 3:2:24 {request,1482886921910729,2,0,unset,retrying,
                           [{<<"X-Forwarded-For">>,<<"127.0.0.1:8080">>},
                            {<<"connection">>,<<"keep-alive">>},
                            {<<"pragma">>,<<"no-cache">>},
                            {<<"cache-control">>,<<"no-cache">>},
                            {<<"user-agent">>,
                             <<"Mozilla/5.0 (Macintosh; Intel Mac OS X 10_12_2) AppleWebKit/537.36 (KHTML, like Gecko) Chrome/55.0.2883.95 Safari/537.36">>},
                            {<<"accept">>,<<"image/webp,image/*,*/*;q=0.8">>},
                            {<<"dnt">>,<<"1">>},
                            {<<"referer">>,<<"http://127.0.0.1:8080/">>},
                            {<<"accept-encoding">>,
                             <<"gzip, deflate, sdch, br">>},
                            {<<"accept-language">>,
                             <<"en-US,en;q=0.8,ro;q=0.6,ru;q=0.4">>}],
                           <<>>,get,"/favicon.ico"}
2016-12-28 3:3:44 {request,1482887003000438,2,0,unset,retrying,
                           [{<<"X-Forwarded-For">>,<<"127.0.0.1:8080">>},
                            {<<"connection">>,<<"keep-alive">>},
                            {<<"cache-control">>,<<"max-age=0">>},
                            {<<"upgrade-insecure-requests">>,<<"1">>},
                            {<<"user-agent">>,
                             <<"Mozilla/5.0 (Macintosh; Intel Mac OS X 10_12_2) AppleWebKit/537.36 (KHTML, like Gecko) Chrome/55.0.2883.95 Safari/537.36">>},
                            {<<"accept">>,
                             <<"text/html,application/xhtml+xml,application/xml;q=0.9,image/webp,*/*;q=0.8">>},
                            {<<"dnt">>,<<"1">>},
                            {<<"accept-encoding">>,
                             <<"gzip, deflate, sdch, br">>},
                            {<<"accept-language">>,
                             <<"en-US,en;q=0.8,ro;q=0.6,ru;q=0.4">>}],
                           <<>>,get,"/"}
2016-12-28 3:3:47 {request,1482887004215033,2,0,unset,retrying,
                           [{<<"X-Forwarded-For">>,<<"127.0.0.1:8080">>},
                            {<<"connection">>,<<"keep-alive">>},
                            {<<"pragma">>,<<"no-cache">>},
                            {<<"cache-control">>,<<"no-cache">>},
                            {<<"user-agent">>,
                             <<"Mozilla/5.0 (Macintosh; Intel Mac OS X 10_12_2) AppleWebKit/537.36 (KHTML, like Gecko) Chrome/55.0.2883.95 Safari/537.36">>},
                            {<<"accept">>,<<"image/webp,image/*,*/*;q=0.8">>},
                            {<<"dnt">>,<<"1">>},
                            {<<"referer">>,<<"http://127.0.0.1:8080/">>},
                            {<<"accept-encoding">>,
                             <<"gzip, deflate, sdch, br">>},
                            {<<"accept-language">>,
                             <<"en-US,en;q=0.8,ro;q=0.6,ru;q=0.4">>}],
                           <<>>,get,"/favicon.ico"}
2016-12-28 3:5:7 {request,1482887086090104,2,0,unset,retrying,
                          [{<<"X-Forwarded-For">>,<<"127.0.0.1:8080">>},
                           {<<"connection">>,<<"keep-alive">>},
                           {<<"cache-control">>,<<"max-age=0">>},
                           {<<"upgrade-insecure-requests">>,<<"1">>},
                           {<<"user-agent">>,
                            <<"Mozilla/5.0 (Macintosh; Intel Mac OS X 10_12_2) AppleWebKit/537.36 (KHTML, like Gecko) Chrome/55.0.2883.95 Safari/537.36">>},
                           {<<"accept">>,
                            <<"text/html,application/xhtml+xml,application/xml;q=0.9,image/webp,*/*;q=0.8">>},
                           {<<"dnt">>,<<"1">>},
                           {<<"accept-encoding">>,
                            <<"gzip, deflate, sdch, br">>},
                           {<<"accept-language">>,
                            <<"en-US,en;q=0.8,ro;q=0.6,ru;q=0.4">>}],
                          <<>>,get,"/"}
2016-12-28 3:5:9 {request,1482887087319559,2,0,unset,retrying,
                          [{<<"X-Forwarded-For">>,<<"127.0.0.1:8080">>},
                           {<<"connection">>,<<"keep-alive">>},
                           {<<"pragma">>,<<"no-cache">>},
                           {<<"cache-control">>,<<"no-cache">>},
                           {<<"user-agent">>,
                            <<"Mozilla/5.0 (Macintosh; Intel Mac OS X 10_12_2) AppleWebKit/537.36 (KHTML, like Gecko) Chrome/55.0.2883.95 Safari/537.36">>},
                           {<<"accept">>,<<"image/webp,image/*,*/*;q=0.8">>},
                           {<<"dnt">>,<<"1">>},
                           {<<"referer">>,<<"http://127.0.0.1:8080/">>},
                           {<<"accept-encoding">>,
                            <<"gzip, deflate, sdch, br">>},
                           {<<"accept-language">>,
                            <<"en-US,en;q=0.8,ro;q=0.6,ru;q=0.4">>}],
                          <<>>,get,"/favicon.ico"}
2016-12-28 3:8:17 {request,1482887275397968,2,0,unset,retrying,
                           [{<<"X-Forwarded-For">>,<<"127.0.0.1:8080">>},
                            {<<"connection">>,<<"keep-alive">>},
                            {<<"cache-control">>,<<"max-age=0">>},
                            {<<"upgrade-insecure-requests">>,<<"1">>},
                            {<<"user-agent">>,
                             <<"Mozilla/5.0 (Macintosh; Intel Mac OS X 10_12_2) AppleWebKit/537.36 (KHTML, like Gecko) Chrome/55.0.2883.95 Safari/537.36">>},
                            {<<"accept">>,
                             <<"text/html,application/xhtml+xml,application/xml;q=0.9,image/webp,*/*;q=0.8">>},
                            {<<"dnt">>,<<"1">>},
                            {<<"accept-encoding">>,
                             <<"gzip, deflate, sdch, br">>},
                            {<<"accept-language">>,
                             <<"en-US,en;q=0.8,ro;q=0.6,ru;q=0.4">>}],
                           <<>>,get,"/"}
2016-12-28 3:8:19 {request,1482887276471793,2,0,unset,retrying,
                           [{<<"X-Forwarded-For">>,<<"127.0.0.1:8080">>},
                            {<<"connection">>,<<"keep-alive">>},
                            {<<"pragma">>,<<"no-cache">>},
                            {<<"cache-control">>,<<"no-cache">>},
                            {<<"user-agent">>,
                             <<"Mozilla/5.0 (Macintosh; Intel Mac OS X 10_12_2) AppleWebKit/537.36 (KHTML, like Gecko) Chrome/55.0.2883.95 Safari/537.36">>},
                            {<<"accept">>,<<"image/webp,image/*,*/*;q=0.8">>},
                            {<<"dnt">>,<<"1">>},
                            {<<"referer">>,<<"http://127.0.0.1:8080/">>},
                            {<<"accept-encoding">>,
                             <<"gzip, deflate, sdch, br">>},
                            {<<"accept-language">>,
                             <<"en-US,en;q=0.8,ro;q=0.6,ru;q=0.4">>}],
                           <<>>,get,"/favicon.ico"}
2016-12-28 3:9:58 {request,1482887377056544,2,0,unset,retrying,
                           [{<<"X-Forwarded-For">>,<<"127.0.0.1:8080">>},
                            {<<"connection">>,<<"keep-alive">>},
                            {<<"cache-control">>,<<"max-age=0">>},
                            {<<"upgrade-insecure-requests">>,<<"1">>},
                            {<<"user-agent">>,
                             <<"Mozilla/5.0 (Macintosh; Intel Mac OS X 10_12_2) AppleWebKit/537.36 (KHTML, like Gecko) Chrome/55.0.2883.95 Safari/537.36">>},
                            {<<"accept">>,
                             <<"text/html,application/xhtml+xml,application/xml;q=0.9,image/webp,*/*;q=0.8">>},
                            {<<"dnt">>,<<"1">>},
                            {<<"accept-encoding">>,
                             <<"gzip, deflate, sdch, br">>},
                            {<<"accept-language">>,
                             <<"en-US,en;q=0.8,ro;q=0.6,ru;q=0.4">>}],
                           <<>>,get,"/"}
2016-12-28 3:10:1 {request,1482887378202623,2,0,unset,retrying,
                           [{<<"X-Forwarded-For">>,<<"127.0.0.1:8080">>},
                            {<<"connection">>,<<"keep-alive">>},
                            {<<"pragma">>,<<"no-cache">>},
                            {<<"cache-control">>,<<"no-cache">>},
                            {<<"user-agent">>,
                             <<"Mozilla/5.0 (Macintosh; Intel Mac OS X 10_12_2) AppleWebKit/537.36 (KHTML, like Gecko) Chrome/55.0.2883.95 Safari/537.36">>},
                            {<<"accept">>,<<"image/webp,image/*,*/*;q=0.8">>},
                            {<<"dnt">>,<<"1">>},
                            {<<"referer">>,<<"http://127.0.0.1:8080/">>},
                            {<<"accept-encoding">>,
                             <<"gzip, deflate, sdch, br">>},
                            {<<"accept-language">>,
                             <<"en-US,en;q=0.8,ro;q=0.6,ru;q=0.4">>}],
                           <<>>,get,"/favicon.ico"}
2016-12-28 3:13:5 {request,1482887401704407,2,0,unset,retrying,
                           [{<<"X-Forwarded-For">>,<<"127.0.0.1:8080">>},
                            {<<"connection">>,<<"keep-alive">>},
                            {<<"cache-control">>,<<"max-age=0">>},
                            {<<"upgrade-insecure-requests">>,<<"1">>},
                            {<<"user-agent">>,
                             <<"Mozilla/5.0 (Macintosh; Intel Mac OS X 10_12_2) AppleWebKit/537.36 (KHTML, like Gecko) Chrome/55.0.2883.95 Safari/537.36">>},
                            {<<"accept">>,
                             <<"text/html,application/xhtml+xml,application/xml;q=0.9,image/webp,*/*;q=0.8">>},
                            {<<"dnt">>,<<"1">>},
                            {<<"accept-encoding">>,
                             <<"gzip, deflate, sdch, br">>},
                            {<<"accept-language">>,
                             <<"en-US,en;q=0.8,ro;q=0.6,ru;q=0.4">>}],
                           <<>>,get,"/"}
2016-12-28 3:13:6 {request,1482887402964361,2,0,unset,retrying,
                           [{<<"X-Forwarded-For">>,<<"127.0.0.1:8080">>},
                            {<<"connection">>,<<"keep-alive">>},
                            {<<"pragma">>,<<"no-cache">>},
                            {<<"cache-control">>,<<"no-cache">>},
                            {<<"user-agent">>,
                             <<"Mozilla/5.0 (Macintosh; Intel Mac OS X 10_12_2) AppleWebKit/537.36 (KHTML, like Gecko) Chrome/55.0.2883.95 Safari/537.36">>},
                            {<<"accept">>,<<"image/webp,image/*,*/*;q=0.8">>},
                            {<<"dnt">>,<<"1">>},
                            {<<"referer">>,<<"http://127.0.0.1:8080/">>},
                            {<<"accept-encoding">>,
                             <<"gzip, deflate, sdch, br">>},
                            {<<"accept-language">>,
                             <<"en-US,en;q=0.8,ro;q=0.6,ru;q=0.4">>}],
                           <<>>,get,"/favicon.ico"}
2016-12-28 3:13:47 {request,1482887605150959,2,0,unset,retrying,
                            [{<<"X-Forwarded-For">>,<<"127.0.0.1:8080">>},
                             {<<"connection">>,<<"keep-alive">>},
                             {<<"cache-control">>,<<"max-age=0">>},
                             {<<"upgrade-insecure-requests">>,<<"1">>},
                             {<<"user-agent">>,
                              <<"Mozilla/5.0 (Macintosh; Intel Mac OS X 10_12_2) AppleWebKit/537.36 (KHTML, like Gecko) Chrome/55.0.2883.95 Safari/537.36">>},
                             {<<"accept">>,
                              <<"text/html,application/xhtml+xml,application/xml;q=0.9,image/webp,*/*;q=0.8">>},
                             {<<"dnt">>,<<"1">>},
                             {<<"accept-encoding">>,
                              <<"gzip, deflate, sdch, br">>},
                             {<<"accept-language">>,
                              <<"en-US,en;q=0.8,ro;q=0.6,ru;q=0.4">>}],
                            <<>>,get,"/"}
2016-12-28 3:13:48 {request,1482887606632488,2,0,unset,retrying,
                            [{<<"X-Forwarded-For">>,<<"127.0.0.1:8080">>},
                             {<<"connection">>,<<"keep-alive">>},
                             {<<"pragma">>,<<"no-cache">>},
                             {<<"cache-control">>,<<"no-cache">>},
                             {<<"user-agent">>,
                              <<"Mozilla/5.0 (Macintosh; Intel Mac OS X 10_12_2) AppleWebKit/537.36 (KHTML, like Gecko) Chrome/55.0.2883.95 Safari/537.36">>},
                             {<<"accept">>,<<"image/webp,image/*,*/*;q=0.8">>},
                             {<<"dnt">>,<<"1">>},
                             {<<"referer">>,<<"http://127.0.0.1:8080/">>},
                             {<<"accept-encoding">>,
                              <<"gzip, deflate, sdch, br">>},
                             {<<"accept-language">>,
                              <<"en-US,en;q=0.8,ro;q=0.6,ru;q=0.4">>}],
                            <<>>,get,"/favicon.ico"}
2016-12-28 3:13:51 {request,1482887607276478,2,0,unset,retrying,
                            [{<<"X-Forwarded-For">>,<<"127.0.0.1:8080">>},
                             {<<"connection">>,<<"keep-alive">>},
                             {<<"cache-control">>,<<"max-age=0">>},
                             {<<"upgrade-insecure-requests">>,<<"1">>},
                             {<<"user-agent">>,
                              <<"Mozilla/5.0 (Macintosh; Intel Mac OS X 10_12_2) AppleWebKit/537.36 (KHTML, like Gecko) Chrome/55.0.2883.95 Safari/537.36">>},
                             {<<"accept">>,
                              <<"text/html,application/xhtml+xml,application/xml;q=0.9,image/webp,*/*;q=0.8">>},
                             {<<"dnt">>,<<"1">>},
                             {<<"accept-encoding">>,
                              <<"gzip, deflate, sdch, br">>},
                             {<<"accept-language">>,
                              <<"en-US,en;q=0.8,ro;q=0.6,ru;q=0.4">>}],
                            <<>>,get,"/"}
2016-12-28 3:13:53 {request,1482887607632196,2,0,unset,retrying,
                            [{<<"X-Forwarded-For">>,<<"127.0.0.1:8080">>},
                             {<<"connection">>,<<"keep-alive">>},
                             {<<"pragma">>,<<"no-cache">>},
                             {<<"cache-control">>,<<"no-cache">>},
                             {<<"user-agent">>,
                              <<"Mozilla/5.0 (Macintosh; Intel Mac OS X 10_12_2) AppleWebKit/537.36 (KHTML, like Gecko) Chrome/55.0.2883.95 Safari/537.36">>},
                             {<<"accept">>,<<"image/webp,image/*,*/*;q=0.8">>},
                             {<<"dnt">>,<<"1">>},
                             {<<"referer">>,<<"http://127.0.0.1:8080/">>},
                             {<<"accept-encoding">>,
                              <<"gzip, deflate, sdch, br">>},
                             {<<"accept-language">>,
                              <<"en-US,en;q=0.8,ro;q=0.6,ru;q=0.4">>}],
                            <<>>,get,"/favicon.ico"}
2016-12-28 3:15:42 {request,1482887720478157,2,0,unset,retrying,
                            [{<<"X-Forwarded-For">>,<<"127.0.0.1:8080">>},
                             {<<"connection">>,<<"keep-alive">>},
                             {<<"cache-control">>,<<"max-age=0">>},
                             {<<"upgrade-insecure-requests">>,<<"1">>},
                             {<<"user-agent">>,
                              <<"Mozilla/5.0 (Macintosh; Intel Mac OS X 10_12_2) AppleWebKit/537.36 (KHTML, like Gecko) Chrome/55.0.2883.95 Safari/537.36">>},
                             {<<"accept">>,
                              <<"text/html,application/xhtml+xml,application/xml;q=0.9,image/webp,*/*;q=0.8">>},
                             {<<"dnt">>,<<"1">>},
                             {<<"accept-encoding">>,
                              <<"gzip, deflate, sdch, br">>},
                             {<<"accept-language">>,
                              <<"en-US,en;q=0.8,ro;q=0.6,ru;q=0.4">>}],
                            <<>>,get,"/"}
2016-12-28 3:15:45 {request,1482887721759178,2,0,unset,retrying,
                            [{<<"X-Forwarded-For">>,<<"127.0.0.1:8080">>},
                             {<<"connection">>,<<"keep-alive">>},
                             {<<"pragma">>,<<"no-cache">>},
                             {<<"cache-control">>,<<"no-cache">>},
                             {<<"user-agent">>,
                              <<"Mozilla/5.0 (Macintosh; Intel Mac OS X 10_12_2) AppleWebKit/537.36 (KHTML, like Gecko) Chrome/55.0.2883.95 Safari/537.36">>},
                             {<<"accept">>,<<"image/webp,image/*,*/*;q=0.8">>},
                             {<<"dnt">>,<<"1">>},
                             {<<"referer">>,<<"http://127.0.0.1:8080/">>},
                             {<<"accept-encoding">>,
                              <<"gzip, deflate, sdch, br">>},
                             {<<"accept-language">>,
                              <<"en-US,en;q=0.8,ro;q=0.6,ru;q=0.4">>}],
                            <<>>,get,"/favicon.ico"}
2016-12-28 3:17:21 {request,1482887763025197,2,0,unset,retrying,
                            [{<<"X-Forwarded-For">>,<<"127.0.0.1:8080">>},
                             {<<"connection">>,<<"keep-alive">>},
                             {<<"cache-control">>,<<"max-age=0">>},
                             {<<"upgrade-insecure-requests">>,<<"1">>},
                             {<<"user-agent">>,
                              <<"Mozilla/5.0 (Macintosh; Intel Mac OS X 10_12_2) AppleWebKit/537.36 (KHTML, like Gecko) Chrome/55.0.2883.95 Safari/537.36">>},
                             {<<"accept">>,
                              <<"text/html,application/xhtml+xml,application/xml;q=0.9,image/webp,*/*;q=0.8">>},
                             {<<"dnt">>,<<"1">>},
                             {<<"accept-encoding">>,
                              <<"gzip, deflate, sdch, br">>},
                             {<<"accept-language">>,
                              <<"en-US,en;q=0.8,ro;q=0.6,ru;q=0.4">>}],
                            <<>>,get,"/"}
2016-12-28 3:17:28 {request,1482887826392424,2,0,unset,retrying,
                            [{<<"X-Forwarded-For">>,<<"127.0.0.1:8080">>},
                             {<<"connection">>,<<"keep-alive">>},
                             {<<"cache-control">>,<<"max-age=0">>},
                             {<<"upgrade-insecure-requests">>,<<"1">>},
                             {<<"user-agent">>,
                              <<"Mozilla/5.0 (Macintosh; Intel Mac OS X 10_12_2) AppleWebKit/537.36 (KHTML, like Gecko) Chrome/55.0.2883.95 Safari/537.36">>},
                             {<<"accept">>,
                              <<"text/html,application/xhtml+xml,application/xml;q=0.9,image/webp,*/*;q=0.8">>},
                             {<<"dnt">>,<<"1">>},
                             {<<"accept-encoding">>,
                              <<"gzip, deflate, sdch, br">>},
                             {<<"accept-language">>,
                              <<"en-US,en;q=0.8,ro;q=0.6,ru;q=0.4">>}],
                            <<>>,get,"/"}
2016-12-28 3:17:30 {request,1482887827654924,2,0,unset,retrying,
                            [{<<"X-Forwarded-For">>,<<"127.0.0.1:8080">>},
                             {<<"connection">>,<<"keep-alive">>},
                             {<<"pragma">>,<<"no-cache">>},
                             {<<"cache-control">>,<<"no-cache">>},
                             {<<"user-agent">>,
                              <<"Mozilla/5.0 (Macintosh; Intel Mac OS X 10_12_2) AppleWebKit/537.36 (KHTML, like Gecko) Chrome/55.0.2883.95 Safari/537.36">>},
                             {<<"accept">>,<<"image/webp,image/*,*/*;q=0.8">>},
                             {<<"dnt">>,<<"1">>},
                             {<<"referer">>,<<"http://127.0.0.1:8080/">>},
                             {<<"accept-encoding">>,
                              <<"gzip, deflate, sdch, br">>},
                             {<<"accept-language">>,
                              <<"en-US,en;q=0.8,ro;q=0.6,ru;q=0.4">>}],
                            <<>>,get,"/favicon.ico"}
2016-12-28 3:17:45 {request,1482887841594612,2,0,unset,retrying,
                            [{<<"X-Forwarded-For">>,<<"127.0.0.1:8080">>},
                             {<<"connection">>,<<"keep-alive">>},
                             {<<"cache-control">>,<<"max-age=0">>},
                             {<<"upgrade-insecure-requests">>,<<"1">>},
                             {<<"user-agent">>,
                              <<"Mozilla/5.0 (Macintosh; Intel Mac OS X 10_12_2) AppleWebKit/537.36 (KHTML, like Gecko) Chrome/55.0.2883.95 Safari/537.36">>},
                             {<<"accept">>,
                              <<"text/html,application/xhtml+xml,application/xml;q=0.9,image/webp,*/*;q=0.8">>},
                             {<<"dnt">>,<<"1">>},
                             {<<"accept-encoding">>,
                              <<"gzip, deflate, sdch, br">>},
                             {<<"accept-language">>,
                              <<"en-US,en;q=0.8,ro;q=0.6,ru;q=0.4">>}],
                            <<>>,get,"/"}
2016-12-28 3:17:47 {request,1482887842176534,2,0,unset,retrying,
                            [{<<"X-Forwarded-For">>,<<"127.0.0.1:8080">>},
                             {<<"connection">>,<<"keep-alive">>},
                             {<<"pragma">>,<<"no-cache">>},
                             {<<"cache-control">>,<<"no-cache">>},
                             {<<"user-agent">>,
                              <<"Mozilla/5.0 (Macintosh; Intel Mac OS X 10_12_2) AppleWebKit/537.36 (KHTML, like Gecko) Chrome/55.0.2883.95 Safari/537.36">>},
                             {<<"accept">>,<<"image/webp,image/*,*/*;q=0.8">>},
                             {<<"dnt">>,<<"1">>},
                             {<<"referer">>,<<"http://127.0.0.1:8080/">>},
                             {<<"accept-encoding">>,
                              <<"gzip, deflate, sdch, br">>},
                             {<<"accept-language">>,
                              <<"en-US,en;q=0.8,ro;q=0.6,ru;q=0.4">>}],
                            <<>>,get,"/favicon.ico"}
